\BOOKMARK [0][-]{chapter.1}{\376\377\000A\000r\000h\000i\000t\000e\000k\000t\000u\000r\000a}{}% 1
\BOOKMARK [1][-]{section.1.1}{\376\377\000Z\000a\000d\000a\000t\000a\000k}{chapter.1}% 2
\BOOKMARK [1][-]{section.1.2}{\376\377\000R\000j\000e\000s\000e\000n\000j\000e}{chapter.1}% 3
\BOOKMARK [2][-]{subsection.1.2.1}{\376\377\000P\000r\000i\000p\000r\000e\000m\000a}{section.1.2}% 4
\BOOKMARK [2][-]{subsection.1.2.2}{\376\377\000a\000s\000y\000n\000c\000i\000o}{section.1.2}% 5
\BOOKMARK [2][-]{subsection.1.2.3}{\376\377\040\036\000G\000r\000u\000b\000o\040\035\000\040\000r\000j\000e\000s\000e\000n\000j\000e}{section.1.2}% 6
\BOOKMARK [2][-]{subsection.1.2.4}{\376\377\000R\000j\000e\000s\000e\000n\000j\000e\000\040\000b\000a\000z\000i\000r\000a\000n\000o\000\040\000n\000a\000\040\000p\000r\000e\000d\000l\000o\000z\000e\000n\000o\000j\000\040\000a\000r\000h\000i\000t\000e\000k\000t\000u\000r\000i}{section.1.2}% 7
\BOOKMARK [0][-]{chapter.2}{\376\377\000M\000o\000d\000b\000u\000s\000\040\000k\000o\000n\000z\000o\000l\000n\000a\000\040\000a\000p\000l\000i\000k\000a\000c\000i\000j\000a}{}% 8
\BOOKMARK [1][-]{section.2.1}{\376\377\000Z\000a\000d\000a\000t\000a\000k}{chapter.2}% 9
\BOOKMARK [1][-]{section.2.2}{\376\377\000R\000j\000e\000s\000e\000n\000j\000e}{chapter.2}% 10
\BOOKMARK [0][-]{chapter.3}{\376\377\000H\000a\000t}{}% 11
\BOOKMARK [1][-]{section.3.1}{\376\377\000h\000a\000t\000-\000e\000v\000e\000n\000t\000\040\000\050\000e\000v\000e\000n\000t\000\040\000b\000u\000s\000\051}{chapter.3}% 12
\BOOKMARK [2][-]{subsection.3.1.1}{\376\377\000K\000r\000e\000a\000t\000o\000r\000\040\000d\000o\000g\000a\000d\000a\000j\000a}{section.3.1}% 13
\BOOKMARK [2][-]{subsection.3.1.2}{\376\377\000K\000o\000n\000z\000u\000m\000e\000n\000t\000\040\000d\000o\000g\000a\000d\000a\000j\000a}{section.3.1}% 14
\BOOKMARK [2][-]{subsection.3.1.3}{\376\377\000U\000p\000i\000t\000i\000\040\000u\000\040\000s\000t\000a\000r\000e\000\040\000d\000o\000g\000a\000d\000a\000j\000e}{section.3.1}% 15
\BOOKMARK [1][-]{section.3.2}{\376\377\000K\000o\000m\000p\000o\000n\000e\000n\000t\000e}{chapter.3}% 16
\BOOKMARK [2][-]{subsection.3.2.1}{\376\377\000G\000a\000t\000e\000w\000a\000y}{section.3.2}% 17
\BOOKMARK [2][-]{subsection.3.2.2}{\376\377\000E\000v\000e\000n\000t\000\040\000s\000e\000r\000v\000e\000r}{section.3.2}% 18
\BOOKMARK [2][-]{subsection.3.2.3}{\376\377\000G\000U\000I\000\040\000s\000e\000r\000v\000e\000r}{section.3.2}% 19
\BOOKMARK [0][-]{chapter.4}{\376\377\000M\000o\000d\000b\000u\000s\000\040\000h\000a\000t\000\040\000a\000p\000l\000i\000k\000a\000c\000i\000j\000a}{}% 20
\BOOKMARK [1][-]{section.4.1}{\376\377\000R\000e\000p\000o\000z\000i\000t\000o\000r\000i\000j}{chapter.4}% 21
\BOOKMARK [1][-]{section.4.2}{\376\377\000R\000j\000e\000s\000e\000n\000j\000e}{chapter.4}% 22
\BOOKMARK [2][-]{subsection.4.2.1}{\376\377\000D\000e\000v\000i\000c\000e}{section.4.2}% 23
\BOOKMARK [2][-]{subsection.4.2.2}{\376\377\000M\000o\000d\000u\000l}{section.4.2}% 24
\BOOKMARK [2][-]{subsection.4.2.3}{\376\377\000A\000d\000a\000p\000t\000e\000r}{section.4.2}% 25
\BOOKMARK [2][-]{subsection.4.2.4}{\376\377\000V\000i\000e\000w}{section.4.2}% 26
